The system is: Linux - 3.10.0-1062.18.1.el7.x86_64 - x86_64
Compiling the C compiler identification source file "CMakeCCompilerId.c" succeeded.
Compiler: /gpfs/software/Anaconda3/bin/clang 
Build flags: 
Id flags: 

The output was:
0


Compilation of the C compiler identification source "CMakeCCompilerId.c" produced "a.out"

The C compiler identification is Clang, found in "/gpfs/home/dbasu/llvm-Tracevar-pass/build/CMakeFiles/3.5.1/CompilerIdC/a.out"

Compiling the CXX compiler identification source file "CMakeCXXCompilerId.cpp" succeeded.
Compiler: /gpfs/software/Anaconda3/bin/clang++ 
Build flags: 
Id flags: 

The output was:
0


Compilation of the CXX compiler identification source "CMakeCXXCompilerId.cpp" produced "a.out"

The CXX compiler identification is Clang, found in "/gpfs/home/dbasu/llvm-Tracevar-pass/build/CMakeFiles/3.5.1/CompilerIdCXX/a.out"

Determining if the C compiler works passed with the following output:
Change Dir: /gpfs/home/dbasu/llvm-Tracevar-pass/build/CMakeFiles/CMakeTmp

Run Build Command:"/usr/bin/gmake" "cmTC_b9ef7/fast"
/usr/bin/gmake -f CMakeFiles/cmTC_b9ef7.dir/build.make CMakeFiles/cmTC_b9ef7.dir/build
gmake[1]: Entering directory `/gpfs/home/dbasu/llvm-Tracevar-pass/build/CMakeFiles/CMakeTmp'
Building C object CMakeFiles/cmTC_b9ef7.dir/testCCompiler.c.o
/gpfs/software/Anaconda3/bin/clang     -o CMakeFiles/cmTC_b9ef7.dir/testCCompiler.c.o   -c /gpfs/home/dbasu/llvm-Tracevar-pass/build/CMakeFiles/CMakeTmp/testCCompiler.c
Linking C executable cmTC_b9ef7
/gpfs/software/cmake-3.5.1/bin/cmake -E cmake_link_script CMakeFiles/cmTC_b9ef7.dir/link.txt --verbose=1
/gpfs/software/Anaconda3/bin/clang       CMakeFiles/cmTC_b9ef7.dir/testCCompiler.c.o  -o cmTC_b9ef7 -rdynamic 
gmake[1]: Leaving directory `/gpfs/home/dbasu/llvm-Tracevar-pass/build/CMakeFiles/CMakeTmp'


Detecting C compiler ABI info compiled with the following output:
Change Dir: /gpfs/home/dbasu/llvm-Tracevar-pass/build/CMakeFiles/CMakeTmp

Run Build Command:"/usr/bin/gmake" "cmTC_38d2e/fast"
/usr/bin/gmake -f CMakeFiles/cmTC_38d2e.dir/build.make CMakeFiles/cmTC_38d2e.dir/build
gmake[1]: Entering directory `/gpfs/home/dbasu/llvm-Tracevar-pass/build/CMakeFiles/CMakeTmp'
Building C object CMakeFiles/cmTC_38d2e.dir/CMakeCCompilerABI.c.o
/gpfs/software/Anaconda3/bin/clang     -o CMakeFiles/cmTC_38d2e.dir/CMakeCCompilerABI.c.o   -c /gpfs/software/cmake-3.5.1/share/cmake-3.5/Modules/CMakeCCompilerABI.c
Linking C executable cmTC_38d2e
/gpfs/software/cmake-3.5.1/bin/cmake -E cmake_link_script CMakeFiles/cmTC_38d2e.dir/link.txt --verbose=1
/gpfs/software/Anaconda3/bin/clang      -v CMakeFiles/cmTC_38d2e.dir/CMakeCCompilerABI.c.o  -o cmTC_38d2e -rdynamic  
clang version 6.0.1 (tags/RELEASE_601/final)
Target: x86_64-unknown-linux-gnu
Thread model: posix
InstalledDir: /gpfs/software/Anaconda3/bin
Found candidate GCC installation: /usr/lib/gcc/x86_64-redhat-linux/4.8.2
Found candidate GCC installation: /usr/lib/gcc/x86_64-redhat-linux/4.8.5
Selected GCC installation: /usr/lib/gcc/x86_64-redhat-linux/4.8.5
Candidate multilib: .;@m64
Candidate multilib: 32;@m32
Selected multilib: .;@m64
 "/usr/bin/ld" -export-dynamic --hash-style=gnu --no-add-needed --eh-frame-hdr -m elf_x86_64 -export-dynamic -dynamic-linker /lib64/ld-linux-x86-64.so.2 -o cmTC_38d2e /usr/lib/gcc/x86_64-redhat-linux/4.8.5/../../../../lib64/crt1.o /usr/lib/gcc/x86_64-redhat-linux/4.8.5/../../../../lib64/crti.o /usr/lib/gcc/x86_64-redhat-linux/4.8.5/crtbegin.o -L/usr/lib/gcc/x86_64-redhat-linux/4.8.5 -L/usr/lib/gcc/x86_64-redhat-linux/4.8.5/../../../../lib64 -L/gpfs/software/Anaconda3/bin/../lib64 -L/lib/../lib64 -L/usr/lib/../lib64 -L/usr/lib/gcc/x86_64-redhat-linux/4.8.5/../../.. -L/gpfs/software/Anaconda3/bin/../lib -L/lib -L/usr/lib CMakeFiles/cmTC_38d2e.dir/CMakeCCompilerABI.c.o -L/gpfs/home/dbasu/llvm/build/lib -L/gpfs/software/libevent-2.1/lib/ -L/gpfs/software/utf8proc/2.1/lib -L/gpfs/software/Anaconda3/lib64 -L/gpfs/software/Anaconda3/lib -L/cm/shared/apps/slurm/17.11.12/lib64/slurm -L/cm/shared/apps/slurm/17.11.12/lib64 -lgcc --as-needed -lgcc_s --no-as-needed -lc -lgcc --as-needed -lgcc_s --no-as-needed /usr/lib/gcc/x86_64-redhat-linux/4.8.5/crtend.o /usr/lib/gcc/x86_64-redhat-linux/4.8.5/../../../../lib64/crtn.o
gmake[1]: Leaving directory `/gpfs/home/dbasu/llvm-Tracevar-pass/build/CMakeFiles/CMakeTmp'


Parsed C implicit link information from above output:
  link line regex: [^( *|.*[/\])(ld|([^/\]+-)?ld|collect2)[^/\]*( |$)]
  ignore line: [Change Dir: /gpfs/home/dbasu/llvm-Tracevar-pass/build/CMakeFiles/CMakeTmp]
  ignore line: []
  ignore line: [Run Build Command:"/usr/bin/gmake" "cmTC_38d2e/fast"]
  ignore line: [/usr/bin/gmake -f CMakeFiles/cmTC_38d2e.dir/build.make CMakeFiles/cmTC_38d2e.dir/build]
  ignore line: [gmake[1]: Entering directory `/gpfs/home/dbasu/llvm-Tracevar-pass/build/CMakeFiles/CMakeTmp']
  ignore line: [Building C object CMakeFiles/cmTC_38d2e.dir/CMakeCCompilerABI.c.o]
  ignore line: [/gpfs/software/Anaconda3/bin/clang     -o CMakeFiles/cmTC_38d2e.dir/CMakeCCompilerABI.c.o   -c /gpfs/software/cmake-3.5.1/share/cmake-3.5/Modules/CMakeCCompilerABI.c]
  ignore line: [Linking C executable cmTC_38d2e]
  ignore line: [/gpfs/software/cmake-3.5.1/bin/cmake -E cmake_link_script CMakeFiles/cmTC_38d2e.dir/link.txt --verbose=1]
  ignore line: [/gpfs/software/Anaconda3/bin/clang      -v CMakeFiles/cmTC_38d2e.dir/CMakeCCompilerABI.c.o  -o cmTC_38d2e -rdynamic  ]
  ignore line: [clang version 6.0.1 (tags/RELEASE_601/final)]
  ignore line: [Target: x86_64-unknown-linux-gnu]
  ignore line: [Thread model: posix]
  ignore line: [InstalledDir: /gpfs/software/Anaconda3/bin]
  ignore line: [Found candidate GCC installation: /usr/lib/gcc/x86_64-redhat-linux/4.8.2]
  ignore line: [Found candidate GCC installation: /usr/lib/gcc/x86_64-redhat-linux/4.8.5]
  ignore line: [Selected GCC installation: /usr/lib/gcc/x86_64-redhat-linux/4.8.5]
  ignore line: [Candidate multilib: .]
  ignore line: [@m64]
  ignore line: [Candidate multilib: 32]
  ignore line: [@m32]
  ignore line: [Selected multilib: .]
  ignore line: [@m64]
  link line: [ "/usr/bin/ld" -export-dynamic --hash-style=gnu --no-add-needed --eh-frame-hdr -m elf_x86_64 -export-dynamic -dynamic-linker /lib64/ld-linux-x86-64.so.2 -o cmTC_38d2e /usr/lib/gcc/x86_64-redhat-linux/4.8.5/../../../../lib64/crt1.o /usr/lib/gcc/x86_64-redhat-linux/4.8.5/../../../../lib64/crti.o /usr/lib/gcc/x86_64-redhat-linux/4.8.5/crtbegin.o -L/usr/lib/gcc/x86_64-redhat-linux/4.8.5 -L/usr/lib/gcc/x86_64-redhat-linux/4.8.5/../../../../lib64 -L/gpfs/software/Anaconda3/bin/../lib64 -L/lib/../lib64 -L/usr/lib/../lib64 -L/usr/lib/gcc/x86_64-redhat-linux/4.8.5/../../.. -L/gpfs/software/Anaconda3/bin/../lib -L/lib -L/usr/lib CMakeFiles/cmTC_38d2e.dir/CMakeCCompilerABI.c.o -L/gpfs/home/dbasu/llvm/build/lib -L/gpfs/software/libevent-2.1/lib/ -L/gpfs/software/utf8proc/2.1/lib -L/gpfs/software/Anaconda3/lib64 -L/gpfs/software/Anaconda3/lib -L/cm/shared/apps/slurm/17.11.12/lib64/slurm -L/cm/shared/apps/slurm/17.11.12/lib64 -lgcc --as-needed -lgcc_s --no-as-needed -lc -lgcc --as-needed -lgcc_s --no-as-needed /usr/lib/gcc/x86_64-redhat-linux/4.8.5/crtend.o /usr/lib/gcc/x86_64-redhat-linux/4.8.5/../../../../lib64/crtn.o]
    arg [/usr/bin/ld] ==> ignore
    arg [-export-dynamic] ==> ignore
    arg [--hash-style=gnu] ==> ignore
    arg [--no-add-needed] ==> ignore
    arg [--eh-frame-hdr] ==> ignore
    arg [-m] ==> ignore
    arg [elf_x86_64] ==> ignore
    arg [-export-dynamic] ==> ignore
    arg [-dynamic-linker] ==> ignore
    arg [/lib64/ld-linux-x86-64.so.2] ==> ignore
    arg [-o] ==> ignore
    arg [cmTC_38d2e] ==> ignore
    arg [/usr/lib/gcc/x86_64-redhat-linux/4.8.5/../../../../lib64/crt1.o] ==> ignore
    arg [/usr/lib/gcc/x86_64-redhat-linux/4.8.5/../../../../lib64/crti.o] ==> ignore
    arg [/usr/lib/gcc/x86_64-redhat-linux/4.8.5/crtbegin.o] ==> ignore
    arg [-L/usr/lib/gcc/x86_64-redhat-linux/4.8.5] ==> dir [/usr/lib/gcc/x86_64-redhat-linux/4.8.5]
    arg [-L/usr/lib/gcc/x86_64-redhat-linux/4.8.5/../../../../lib64] ==> dir [/usr/lib/gcc/x86_64-redhat-linux/4.8.5/../../../../lib64]
    arg [-L/gpfs/software/Anaconda3/bin/../lib64] ==> dir [/gpfs/software/Anaconda3/bin/../lib64]
    arg [-L/lib/../lib64] ==> dir [/lib/../lib64]
    arg [-L/usr/lib/../lib64] ==> dir [/usr/lib/../lib64]
    arg [-L/usr/lib/gcc/x86_64-redhat-linux/4.8.5/../../..] ==> dir [/usr/lib/gcc/x86_64-redhat-linux/4.8.5/../../..]
    arg [-L/gpfs/software/Anaconda3/bin/../lib] ==> dir [/gpfs/software/Anaconda3/bin/../lib]
    arg [-L/lib] ==> dir [/lib]
    arg [-L/usr/lib] ==> dir [/usr/lib]
    arg [CMakeFiles/cmTC_38d2e.dir/CMakeCCompilerABI.c.o] ==> ignore
    arg [-L/gpfs/home/dbasu/llvm/build/lib] ==> dir [/gpfs/home/dbasu/llvm/build/lib]
    arg [-L/gpfs/software/libevent-2.1/lib/] ==> dir [/gpfs/software/libevent-2.1/lib/]
    arg [-L/gpfs/software/utf8proc/2.1/lib] ==> dir [/gpfs/software/utf8proc/2.1/lib]
    arg [-L/gpfs/software/Anaconda3/lib64] ==> dir [/gpfs/software/Anaconda3/lib64]
    arg [-L/gpfs/software/Anaconda3/lib] ==> dir [/gpfs/software/Anaconda3/lib]
    arg [-L/cm/shared/apps/slurm/17.11.12/lib64/slurm] ==> dir [/cm/shared/apps/slurm/17.11.12/lib64/slurm]
    arg [-L/cm/shared/apps/slurm/17.11.12/lib64] ==> dir [/cm/shared/apps/slurm/17.11.12/lib64]
    arg [-lgcc] ==> lib [gcc]
    arg [--as-needed] ==> ignore
    arg [-lgcc_s] ==> lib [gcc_s]
    arg [--no-as-needed] ==> ignore
    arg [-lc] ==> lib [c]
    arg [-lgcc] ==> lib [gcc]
    arg [--as-needed] ==> ignore
    arg [-lgcc_s] ==> lib [gcc_s]
    arg [--no-as-needed] ==> ignore
    arg [/usr/lib/gcc/x86_64-redhat-linux/4.8.5/crtend.o] ==> ignore
    arg [/usr/lib/gcc/x86_64-redhat-linux/4.8.5/../../../../lib64/crtn.o] ==> ignore
  remove lib [gcc]
  remove lib [gcc_s]
  remove lib [gcc]
  remove lib [gcc_s]
  collapse library dir [/usr/lib/gcc/x86_64-redhat-linux/4.8.5] ==> [/usr/lib/gcc/x86_64-redhat-linux/4.8.5]
  collapse library dir [/usr/lib/gcc/x86_64-redhat-linux/4.8.5/../../../../lib64] ==> [/usr/lib64]
  collapse library dir [/gpfs/software/Anaconda3/bin/../lib64] ==> [/gpfs/software/Anaconda3/lib64]
  collapse library dir [/lib/../lib64] ==> [/lib64]
  collapse library dir [/usr/lib/../lib64] ==> [/usr/lib64]
  collapse library dir [/usr/lib/gcc/x86_64-redhat-linux/4.8.5/../../..] ==> [/usr/lib]
  collapse library dir [/gpfs/software/Anaconda3/bin/../lib] ==> [/gpfs/software/Anaconda3/lib]
  collapse library dir [/lib] ==> [/lib]
  collapse library dir [/usr/lib] ==> [/usr/lib]
  collapse library dir [/gpfs/home/dbasu/llvm/build/lib] ==> [/gpfs/home/dbasu/llvm/build/lib]
  collapse library dir [/gpfs/software/libevent-2.1/lib/] ==> [/gpfs/software/libevent-2.1/lib]
  collapse library dir [/gpfs/software/utf8proc/2.1/lib] ==> [/gpfs/software/utf8proc/2.1/lib]
  collapse library dir [/gpfs/software/Anaconda3/lib64] ==> [/gpfs/software/Anaconda3/lib64]
  collapse library dir [/gpfs/software/Anaconda3/lib] ==> [/gpfs/software/Anaconda3/lib]
  collapse library dir [/cm/shared/apps/slurm/17.11.12/lib64/slurm] ==> [/cm/shared/apps/slurm/17.11.12/lib64/slurm]
  collapse library dir [/cm/shared/apps/slurm/17.11.12/lib64] ==> [/cm/shared/apps/slurm/17.11.12/lib64]
  implicit libs: [c]
  implicit dirs: [/usr/lib/gcc/x86_64-redhat-linux/4.8.5;/usr/lib64;/gpfs/software/Anaconda3/lib64;/lib64;/usr/lib;/gpfs/software/Anaconda3/lib;/lib;/gpfs/home/dbasu/llvm/build/lib;/gpfs/software/libevent-2.1/lib;/gpfs/software/utf8proc/2.1/lib;/cm/shared/apps/slurm/17.11.12/lib64/slurm;/cm/shared/apps/slurm/17.11.12/lib64]
  implicit fwks: []




Detecting C [-std=c11] compiler features compiled with the following output:
Change Dir: /gpfs/home/dbasu/llvm-Tracevar-pass/build/CMakeFiles/CMakeTmp

Run Build Command:"/usr/bin/gmake" "cmTC_9aad3/fast"
/usr/bin/gmake -f CMakeFiles/cmTC_9aad3.dir/build.make CMakeFiles/cmTC_9aad3.dir/build
gmake[1]: Entering directory `/gpfs/home/dbasu/llvm-Tracevar-pass/build/CMakeFiles/CMakeTmp'
Building C object CMakeFiles/cmTC_9aad3.dir/feature_tests.c.o
/gpfs/software/Anaconda3/bin/clang    -std=c11 -o CMakeFiles/cmTC_9aad3.dir/feature_tests.c.o   -c /gpfs/home/dbasu/llvm-Tracevar-pass/build/CMakeFiles/feature_tests.c
Linking C executable cmTC_9aad3
/gpfs/software/cmake-3.5.1/bin/cmake -E cmake_link_script CMakeFiles/cmTC_9aad3.dir/link.txt --verbose=1
/gpfs/software/Anaconda3/bin/clang       CMakeFiles/cmTC_9aad3.dir/feature_tests.c.o  -o cmTC_9aad3 -rdynamic 
gmake[1]: Leaving directory `/gpfs/home/dbasu/llvm-Tracevar-pass/build/CMakeFiles/CMakeTmp'


    Feature record: C_FEATURE:1c_function_prototypes
    Feature record: C_FEATURE:1c_restrict
    Feature record: C_FEATURE:1c_static_assert
    Feature record: C_FEATURE:1c_variadic_macros


Detecting C [-std=c99] compiler features compiled with the following output:
Change Dir: /gpfs/home/dbasu/llvm-Tracevar-pass/build/CMakeFiles/CMakeTmp

Run Build Command:"/usr/bin/gmake" "cmTC_55e3a/fast"
/usr/bin/gmake -f CMakeFiles/cmTC_55e3a.dir/build.make CMakeFiles/cmTC_55e3a.dir/build
gmake[1]: Entering directory `/gpfs/home/dbasu/llvm-Tracevar-pass/build/CMakeFiles/CMakeTmp'
Building C object CMakeFiles/cmTC_55e3a.dir/feature_tests.c.o
/gpfs/software/Anaconda3/bin/clang    -std=c99 -o CMakeFiles/cmTC_55e3a.dir/feature_tests.c.o   -c /gpfs/home/dbasu/llvm-Tracevar-pass/build/CMakeFiles/feature_tests.c
Linking C executable cmTC_55e3a
/gpfs/software/cmake-3.5.1/bin/cmake -E cmake_link_script CMakeFiles/cmTC_55e3a.dir/link.txt --verbose=1
/gpfs/software/Anaconda3/bin/clang       CMakeFiles/cmTC_55e3a.dir/feature_tests.c.o  -o cmTC_55e3a -rdynamic 
gmake[1]: Leaving directory `/gpfs/home/dbasu/llvm-Tracevar-pass/build/CMakeFiles/CMakeTmp'


    Feature record: C_FEATURE:1c_function_prototypes
    Feature record: C_FEATURE:1c_restrict
    Feature record: C_FEATURE:0c_static_assert
    Feature record: C_FEATURE:1c_variadic_macros


Detecting C [-std=c90] compiler features compiled with the following output:
Change Dir: /gpfs/home/dbasu/llvm-Tracevar-pass/build/CMakeFiles/CMakeTmp

Run Build Command:"/usr/bin/gmake" "cmTC_aab3a/fast"
/usr/bin/gmake -f CMakeFiles/cmTC_aab3a.dir/build.make CMakeFiles/cmTC_aab3a.dir/build
gmake[1]: Entering directory `/gpfs/home/dbasu/llvm-Tracevar-pass/build/CMakeFiles/CMakeTmp'
Building C object CMakeFiles/cmTC_aab3a.dir/feature_tests.c.o
/gpfs/software/Anaconda3/bin/clang    -std=c90 -o CMakeFiles/cmTC_aab3a.dir/feature_tests.c.o   -c /gpfs/home/dbasu/llvm-Tracevar-pass/build/CMakeFiles/feature_tests.c
Linking C executable cmTC_aab3a
/gpfs/software/cmake-3.5.1/bin/cmake -E cmake_link_script CMakeFiles/cmTC_aab3a.dir/link.txt --verbose=1
/gpfs/software/Anaconda3/bin/clang       CMakeFiles/cmTC_aab3a.dir/feature_tests.c.o  -o cmTC_aab3a -rdynamic 
gmake[1]: Leaving directory `/gpfs/home/dbasu/llvm-Tracevar-pass/build/CMakeFiles/CMakeTmp'


    Feature record: C_FEATURE:1c_function_prototypes
    Feature record: C_FEATURE:0c_restrict
    Feature record: C_FEATURE:0c_static_assert
    Feature record: C_FEATURE:0c_variadic_macros
Determining if the CXX compiler works passed with the following output:
Change Dir: /gpfs/home/dbasu/llvm-Tracevar-pass/build/CMakeFiles/CMakeTmp

Run Build Command:"/usr/bin/gmake" "cmTC_53e31/fast"
/usr/bin/gmake -f CMakeFiles/cmTC_53e31.dir/build.make CMakeFiles/cmTC_53e31.dir/build
gmake[1]: Entering directory `/gpfs/home/dbasu/llvm-Tracevar-pass/build/CMakeFiles/CMakeTmp'
Building CXX object CMakeFiles/cmTC_53e31.dir/testCXXCompiler.cxx.o
/gpfs/software/Anaconda3/bin/clang++      -o CMakeFiles/cmTC_53e31.dir/testCXXCompiler.cxx.o -c /gpfs/home/dbasu/llvm-Tracevar-pass/build/CMakeFiles/CMakeTmp/testCXXCompiler.cxx
Linking CXX executable cmTC_53e31
/gpfs/software/cmake-3.5.1/bin/cmake -E cmake_link_script CMakeFiles/cmTC_53e31.dir/link.txt --verbose=1
/gpfs/software/Anaconda3/bin/clang++        CMakeFiles/cmTC_53e31.dir/testCXXCompiler.cxx.o  -o cmTC_53e31 -rdynamic 
gmake[1]: Leaving directory `/gpfs/home/dbasu/llvm-Tracevar-pass/build/CMakeFiles/CMakeTmp'


Detecting CXX compiler ABI info compiled with the following output:
Change Dir: /gpfs/home/dbasu/llvm-Tracevar-pass/build/CMakeFiles/CMakeTmp

Run Build Command:"/usr/bin/gmake" "cmTC_51b35/fast"
/usr/bin/gmake -f CMakeFiles/cmTC_51b35.dir/build.make CMakeFiles/cmTC_51b35.dir/build
gmake[1]: Entering directory `/gpfs/home/dbasu/llvm-Tracevar-pass/build/CMakeFiles/CMakeTmp'
Building CXX object CMakeFiles/cmTC_51b35.dir/CMakeCXXCompilerABI.cpp.o
/gpfs/software/Anaconda3/bin/clang++      -o CMakeFiles/cmTC_51b35.dir/CMakeCXXCompilerABI.cpp.o -c /gpfs/software/cmake-3.5.1/share/cmake-3.5/Modules/CMakeCXXCompilerABI.cpp
Linking CXX executable cmTC_51b35
/gpfs/software/cmake-3.5.1/bin/cmake -E cmake_link_script CMakeFiles/cmTC_51b35.dir/link.txt --verbose=1
/gpfs/software/Anaconda3/bin/clang++       -v CMakeFiles/cmTC_51b35.dir/CMakeCXXCompilerABI.cpp.o  -o cmTC_51b35 -rdynamic  
clang version 6.0.1 (tags/RELEASE_601/final)
Target: x86_64-unknown-linux-gnu
Thread model: posix
InstalledDir: /gpfs/software/Anaconda3/bin
Found candidate GCC installation: /usr/lib/gcc/x86_64-redhat-linux/4.8.2
Found candidate GCC installation: /usr/lib/gcc/x86_64-redhat-linux/4.8.5
Selected GCC installation: /usr/lib/gcc/x86_64-redhat-linux/4.8.5
Candidate multilib: .;@m64
Candidate multilib: 32;@m32
Selected multilib: .;@m64
 "/usr/bin/ld" -export-dynamic --hash-style=gnu --no-add-needed --eh-frame-hdr -m elf_x86_64 -export-dynamic -dynamic-linker /lib64/ld-linux-x86-64.so.2 -o cmTC_51b35 /usr/lib/gcc/x86_64-redhat-linux/4.8.5/../../../../lib64/crt1.o /usr/lib/gcc/x86_64-redhat-linux/4.8.5/../../../../lib64/crti.o /usr/lib/gcc/x86_64-redhat-linux/4.8.5/crtbegin.o -L/usr/lib/gcc/x86_64-redhat-linux/4.8.5 -L/usr/lib/gcc/x86_64-redhat-linux/4.8.5/../../../../lib64 -L/gpfs/software/Anaconda3/bin/../lib64 -L/lib/../lib64 -L/usr/lib/../lib64 -L/usr/lib/gcc/x86_64-redhat-linux/4.8.5/../../.. -L/gpfs/software/Anaconda3/bin/../lib -L/lib -L/usr/lib CMakeFiles/cmTC_51b35.dir/CMakeCXXCompilerABI.cpp.o -L/gpfs/home/dbasu/llvm/build/lib -L/gpfs/software/libevent-2.1/lib/ -L/gpfs/software/utf8proc/2.1/lib -L/gpfs/software/Anaconda3/lib64 -L/gpfs/software/Anaconda3/lib -L/cm/shared/apps/slurm/17.11.12/lib64/slurm -L/cm/shared/apps/slurm/17.11.12/lib64 -lstdc++ -lm -lgcc_s -lgcc -lc -lgcc_s -lgcc /usr/lib/gcc/x86_64-redhat-linux/4.8.5/crtend.o /usr/lib/gcc/x86_64-redhat-linux/4.8.5/../../../../lib64/crtn.o
gmake[1]: Leaving directory `/gpfs/home/dbasu/llvm-Tracevar-pass/build/CMakeFiles/CMakeTmp'


Parsed CXX implicit link information from above output:
  link line regex: [^( *|.*[/\])(ld|([^/\]+-)?ld|collect2)[^/\]*( |$)]
  ignore line: [Change Dir: /gpfs/home/dbasu/llvm-Tracevar-pass/build/CMakeFiles/CMakeTmp]
  ignore line: []
  ignore line: [Run Build Command:"/usr/bin/gmake" "cmTC_51b35/fast"]
  ignore line: [/usr/bin/gmake -f CMakeFiles/cmTC_51b35.dir/build.make CMakeFiles/cmTC_51b35.dir/build]
  ignore line: [gmake[1]: Entering directory `/gpfs/home/dbasu/llvm-Tracevar-pass/build/CMakeFiles/CMakeTmp']
  ignore line: [Building CXX object CMakeFiles/cmTC_51b35.dir/CMakeCXXCompilerABI.cpp.o]
  ignore line: [/gpfs/software/Anaconda3/bin/clang++      -o CMakeFiles/cmTC_51b35.dir/CMakeCXXCompilerABI.cpp.o -c /gpfs/software/cmake-3.5.1/share/cmake-3.5/Modules/CMakeCXXCompilerABI.cpp]
  ignore line: [Linking CXX executable cmTC_51b35]
  ignore line: [/gpfs/software/cmake-3.5.1/bin/cmake -E cmake_link_script CMakeFiles/cmTC_51b35.dir/link.txt --verbose=1]
  ignore line: [/gpfs/software/Anaconda3/bin/clang++       -v CMakeFiles/cmTC_51b35.dir/CMakeCXXCompilerABI.cpp.o  -o cmTC_51b35 -rdynamic  ]
  ignore line: [clang version 6.0.1 (tags/RELEASE_601/final)]
  ignore line: [Target: x86_64-unknown-linux-gnu]
  ignore line: [Thread model: posix]
  ignore line: [InstalledDir: /gpfs/software/Anaconda3/bin]
  ignore line: [Found candidate GCC installation: /usr/lib/gcc/x86_64-redhat-linux/4.8.2]
  ignore line: [Found candidate GCC installation: /usr/lib/gcc/x86_64-redhat-linux/4.8.5]
  ignore line: [Selected GCC installation: /usr/lib/gcc/x86_64-redhat-linux/4.8.5]
  ignore line: [Candidate multilib: .]
  ignore line: [@m64]
  ignore line: [Candidate multilib: 32]
  ignore line: [@m32]
  ignore line: [Selected multilib: .]
  ignore line: [@m64]
  link line: [ "/usr/bin/ld" -export-dynamic --hash-style=gnu --no-add-needed --eh-frame-hdr -m elf_x86_64 -export-dynamic -dynamic-linker /lib64/ld-linux-x86-64.so.2 -o cmTC_51b35 /usr/lib/gcc/x86_64-redhat-linux/4.8.5/../../../../lib64/crt1.o /usr/lib/gcc/x86_64-redhat-linux/4.8.5/../../../../lib64/crti.o /usr/lib/gcc/x86_64-redhat-linux/4.8.5/crtbegin.o -L/usr/lib/gcc/x86_64-redhat-linux/4.8.5 -L/usr/lib/gcc/x86_64-redhat-linux/4.8.5/../../../../lib64 -L/gpfs/software/Anaconda3/bin/../lib64 -L/lib/../lib64 -L/usr/lib/../lib64 -L/usr/lib/gcc/x86_64-redhat-linux/4.8.5/../../.. -L/gpfs/software/Anaconda3/bin/../lib -L/lib -L/usr/lib CMakeFiles/cmTC_51b35.dir/CMakeCXXCompilerABI.cpp.o -L/gpfs/home/dbasu/llvm/build/lib -L/gpfs/software/libevent-2.1/lib/ -L/gpfs/software/utf8proc/2.1/lib -L/gpfs/software/Anaconda3/lib64 -L/gpfs/software/Anaconda3/lib -L/cm/shared/apps/slurm/17.11.12/lib64/slurm -L/cm/shared/apps/slurm/17.11.12/lib64 -lstdc++ -lm -lgcc_s -lgcc -lc -lgcc_s -lgcc /usr/lib/gcc/x86_64-redhat-linux/4.8.5/crtend.o /usr/lib/gcc/x86_64-redhat-linux/4.8.5/../../../../lib64/crtn.o]
    arg [/usr/bin/ld] ==> ignore
    arg [-export-dynamic] ==> ignore
    arg [--hash-style=gnu] ==> ignore
    arg [--no-add-needed] ==> ignore
    arg [--eh-frame-hdr] ==> ignore
    arg [-m] ==> ignore
    arg [elf_x86_64] ==> ignore
    arg [-export-dynamic] ==> ignore
    arg [-dynamic-linker] ==> ignore
    arg [/lib64/ld-linux-x86-64.so.2] ==> ignore
    arg [-o] ==> ignore
    arg [cmTC_51b35] ==> ignore
    arg [/usr/lib/gcc/x86_64-redhat-linux/4.8.5/../../../../lib64/crt1.o] ==> ignore
    arg [/usr/lib/gcc/x86_64-redhat-linux/4.8.5/../../../../lib64/crti.o] ==> ignore
    arg [/usr/lib/gcc/x86_64-redhat-linux/4.8.5/crtbegin.o] ==> ignore
    arg [-L/usr/lib/gcc/x86_64-redhat-linux/4.8.5] ==> dir [/usr/lib/gcc/x86_64-redhat-linux/4.8.5]
    arg [-L/usr/lib/gcc/x86_64-redhat-linux/4.8.5/../../../../lib64] ==> dir [/usr/lib/gcc/x86_64-redhat-linux/4.8.5/../../../../lib64]
    arg [-L/gpfs/software/Anaconda3/bin/../lib64] ==> dir [/gpfs/software/Anaconda3/bin/../lib64]
    arg [-L/lib/../lib64] ==> dir [/lib/../lib64]
    arg [-L/usr/lib/../lib64] ==> dir [/usr/lib/../lib64]
    arg [-L/usr/lib/gcc/x86_64-redhat-linux/4.8.5/../../..] ==> dir [/usr/lib/gcc/x86_64-redhat-linux/4.8.5/../../..]
    arg [-L/gpfs/software/Anaconda3/bin/../lib] ==> dir [/gpfs/software/Anaconda3/bin/../lib]
    arg [-L/lib] ==> dir [/lib]
    arg [-L/usr/lib] ==> dir [/usr/lib]
    arg [CMakeFiles/cmTC_51b35.dir/CMakeCXXCompilerABI.cpp.o] ==> ignore
    arg [-L/gpfs/home/dbasu/llvm/build/lib] ==> dir [/gpfs/home/dbasu/llvm/build/lib]
    arg [-L/gpfs/software/libevent-2.1/lib/] ==> dir [/gpfs/software/libevent-2.1/lib/]
    arg [-L/gpfs/software/utf8proc/2.1/lib] ==> dir [/gpfs/software/utf8proc/2.1/lib]
    arg [-L/gpfs/software/Anaconda3/lib64] ==> dir [/gpfs/software/Anaconda3/lib64]
    arg [-L/gpfs/software/Anaconda3/lib] ==> dir [/gpfs/software/Anaconda3/lib]
    arg [-L/cm/shared/apps/slurm/17.11.12/lib64/slurm] ==> dir [/cm/shared/apps/slurm/17.11.12/lib64/slurm]
    arg [-L/cm/shared/apps/slurm/17.11.12/lib64] ==> dir [/cm/shared/apps/slurm/17.11.12/lib64]
    arg [-lstdc++] ==> lib [stdc++]
    arg [-lm] ==> lib [m]
    arg [-lgcc_s] ==> lib [gcc_s]
    arg [-lgcc] ==> lib [gcc]
    arg [-lc] ==> lib [c]
    arg [-lgcc_s] ==> lib [gcc_s]
    arg [-lgcc] ==> lib [gcc]
    arg [/usr/lib/gcc/x86_64-redhat-linux/4.8.5/crtend.o] ==> ignore
    arg [/usr/lib/gcc/x86_64-redhat-linux/4.8.5/../../../../lib64/crtn.o] ==> ignore
  remove lib [gcc_s]
  remove lib [gcc]
  remove lib [gcc_s]
  remove lib [gcc]
  collapse library dir [/usr/lib/gcc/x86_64-redhat-linux/4.8.5] ==> [/usr/lib/gcc/x86_64-redhat-linux/4.8.5]
  collapse library dir [/usr/lib/gcc/x86_64-redhat-linux/4.8.5/../../../../lib64] ==> [/usr/lib64]
  collapse library dir [/gpfs/software/Anaconda3/bin/../lib64] ==> [/gpfs/software/Anaconda3/lib64]
  collapse library dir [/lib/../lib64] ==> [/lib64]
  collapse library dir [/usr/lib/../lib64] ==> [/usr/lib64]
  collapse library dir [/usr/lib/gcc/x86_64-redhat-linux/4.8.5/../../..] ==> [/usr/lib]
  collapse library dir [/gpfs/software/Anaconda3/bin/../lib] ==> [/gpfs/software/Anaconda3/lib]
  collapse library dir [/lib] ==> [/lib]
  collapse library dir [/usr/lib] ==> [/usr/lib]
  collapse library dir [/gpfs/home/dbasu/llvm/build/lib] ==> [/gpfs/home/dbasu/llvm/build/lib]
  collapse library dir [/gpfs/software/libevent-2.1/lib/] ==> [/gpfs/software/libevent-2.1/lib]
  collapse library dir [/gpfs/software/utf8proc/2.1/lib] ==> [/gpfs/software/utf8proc/2.1/lib]
  collapse library dir [/gpfs/software/Anaconda3/lib64] ==> [/gpfs/software/Anaconda3/lib64]
  collapse library dir [/gpfs/software/Anaconda3/lib] ==> [/gpfs/software/Anaconda3/lib]
  collapse library dir [/cm/shared/apps/slurm/17.11.12/lib64/slurm] ==> [/cm/shared/apps/slurm/17.11.12/lib64/slurm]
  collapse library dir [/cm/shared/apps/slurm/17.11.12/lib64] ==> [/cm/shared/apps/slurm/17.11.12/lib64]
  implicit libs: [stdc++;m;c]
  implicit dirs: [/usr/lib/gcc/x86_64-redhat-linux/4.8.5;/usr/lib64;/gpfs/software/Anaconda3/lib64;/lib64;/usr/lib;/gpfs/software/Anaconda3/lib;/lib;/gpfs/home/dbasu/llvm/build/lib;/gpfs/software/libevent-2.1/lib;/gpfs/software/utf8proc/2.1/lib;/cm/shared/apps/slurm/17.11.12/lib64/slurm;/cm/shared/apps/slurm/17.11.12/lib64]
  implicit fwks: []




Detecting CXX [-std=c++14] compiler features compiled with the following output:
Change Dir: /gpfs/home/dbasu/llvm-Tracevar-pass/build/CMakeFiles/CMakeTmp

Run Build Command:"/usr/bin/gmake" "cmTC_ee0c6/fast"
/usr/bin/gmake -f CMakeFiles/cmTC_ee0c6.dir/build.make CMakeFiles/cmTC_ee0c6.dir/build
gmake[1]: Entering directory `/gpfs/home/dbasu/llvm-Tracevar-pass/build/CMakeFiles/CMakeTmp'
Building CXX object CMakeFiles/cmTC_ee0c6.dir/feature_tests.cxx.o
/gpfs/software/Anaconda3/bin/clang++     -std=c++14 -o CMakeFiles/cmTC_ee0c6.dir/feature_tests.cxx.o -c /gpfs/home/dbasu/llvm-Tracevar-pass/build/CMakeFiles/feature_tests.cxx
Linking CXX executable cmTC_ee0c6
/gpfs/software/cmake-3.5.1/bin/cmake -E cmake_link_script CMakeFiles/cmTC_ee0c6.dir/link.txt --verbose=1
/gpfs/software/Anaconda3/bin/clang++        CMakeFiles/cmTC_ee0c6.dir/feature_tests.cxx.o  -o cmTC_ee0c6 -rdynamic 
gmake[1]: Leaving directory `/gpfs/home/dbasu/llvm-Tracevar-pass/build/CMakeFiles/CMakeTmp'


    Feature record: CXX_FEATURE:1cxx_aggregate_default_initializers
    Feature record: CXX_FEATURE:1cxx_alias_templates
    Feature record: CXX_FEATURE:1cxx_alignas
    Feature record: CXX_FEATURE:1cxx_alignof
    Feature record: CXX_FEATURE:1cxx_attributes
    Feature record: CXX_FEATURE:1cxx_attribute_deprecated
    Feature record: CXX_FEATURE:1cxx_auto_type
    Feature record: CXX_FEATURE:1cxx_binary_literals
    Feature record: CXX_FEATURE:1cxx_constexpr
    Feature record: CXX_FEATURE:1cxx_contextual_conversions
    Feature record: CXX_FEATURE:1cxx_decltype
    Feature record: CXX_FEATURE:1cxx_decltype_auto
    Feature record: CXX_FEATURE:1cxx_decltype_incomplete_return_types
    Feature record: CXX_FEATURE:1cxx_default_function_template_args
    Feature record: CXX_FEATURE:1cxx_defaulted_functions
    Feature record: CXX_FEATURE:1cxx_defaulted_move_initializers
    Feature record: CXX_FEATURE:1cxx_delegating_constructors
    Feature record: CXX_FEATURE:1cxx_deleted_functions
    Feature record: CXX_FEATURE:1cxx_digit_separators
    Feature record: CXX_FEATURE:1cxx_enum_forward_declarations
    Feature record: CXX_FEATURE:1cxx_explicit_conversions
    Feature record: CXX_FEATURE:1cxx_extended_friend_declarations
    Feature record: CXX_FEATURE:1cxx_extern_templates
    Feature record: CXX_FEATURE:1cxx_final
    Feature record: CXX_FEATURE:1cxx_func_identifier
    Feature record: CXX_FEATURE:1cxx_generalized_initializers
    Feature record: CXX_FEATURE:1cxx_generic_lambdas
    Feature record: CXX_FEATURE:1cxx_inheriting_constructors
    Feature record: CXX_FEATURE:1cxx_inline_namespaces
    Feature record: CXX_FEATURE:1cxx_lambdas
    Feature record: CXX_FEATURE:1cxx_lambda_init_captures
    Feature record: CXX_FEATURE:1cxx_local_type_template_args
    Feature record: CXX_FEATURE:1cxx_long_long_type
    Feature record: CXX_FEATURE:1cxx_noexcept
    Feature record: CXX_FEATURE:1cxx_nonstatic_member_init
    Feature record: CXX_FEATURE:1cxx_nullptr
    Feature record: CXX_FEATURE:1cxx_override
    Feature record: CXX_FEATURE:1cxx_range_for
    Feature record: CXX_FEATURE:1cxx_raw_string_literals
    Feature record: CXX_FEATURE:1cxx_reference_qualified_functions
    Feature record: CXX_FEATURE:1cxx_relaxed_constexpr
    Feature record: CXX_FEATURE:1cxx_return_type_deduction
    Feature record: CXX_FEATURE:1cxx_right_angle_brackets
    Feature record: CXX_FEATURE:1cxx_rvalue_references
    Feature record: CXX_FEATURE:1cxx_sizeof_member
    Feature record: CXX_FEATURE:1cxx_static_assert
    Feature record: CXX_FEATURE:1cxx_strong_enums
    Feature record: CXX_FEATURE:1cxx_template_template_parameters
    Feature record: CXX_FEATURE:1cxx_thread_local
    Feature record: CXX_FEATURE:1cxx_trailing_return_types
    Feature record: CXX_FEATURE:1cxx_unicode_literals
    Feature record: CXX_FEATURE:1cxx_uniform_initialization
    Feature record: CXX_FEATURE:1cxx_unrestricted_unions
    Feature record: CXX_FEATURE:1cxx_user_literals
    Feature record: CXX_FEATURE:1cxx_variable_templates
    Feature record: CXX_FEATURE:1cxx_variadic_macros
    Feature record: CXX_FEATURE:1cxx_variadic_templates


Detecting CXX [-std=c++11] compiler features compiled with the following output:
Change Dir: /gpfs/home/dbasu/llvm-Tracevar-pass/build/CMakeFiles/CMakeTmp

Run Build Command:"/usr/bin/gmake" "cmTC_6bf9a/fast"
/usr/bin/gmake -f CMakeFiles/cmTC_6bf9a.dir/build.make CMakeFiles/cmTC_6bf9a.dir/build
gmake[1]: Entering directory `/gpfs/home/dbasu/llvm-Tracevar-pass/build/CMakeFiles/CMakeTmp'
Building CXX object CMakeFiles/cmTC_6bf9a.dir/feature_tests.cxx.o
/gpfs/software/Anaconda3/bin/clang++     -std=c++11 -o CMakeFiles/cmTC_6bf9a.dir/feature_tests.cxx.o -c /gpfs/home/dbasu/llvm-Tracevar-pass/build/CMakeFiles/feature_tests.cxx
Linking CXX executable cmTC_6bf9a
/gpfs/software/cmake-3.5.1/bin/cmake -E cmake_link_script CMakeFiles/cmTC_6bf9a.dir/link.txt --verbose=1
/gpfs/software/Anaconda3/bin/clang++        CMakeFiles/cmTC_6bf9a.dir/feature_tests.cxx.o  -o cmTC_6bf9a -rdynamic 
gmake[1]: Leaving directory `/gpfs/home/dbasu/llvm-Tracevar-pass/build/CMakeFiles/CMakeTmp'


    Feature record: CXX_FEATURE:0cxx_aggregate_default_initializers
    Feature record: CXX_FEATURE:1cxx_alias_templates
    Feature record: CXX_FEATURE:1cxx_alignas
    Feature record: CXX_FEATURE:1cxx_alignof
    Feature record: CXX_FEATURE:1cxx_attributes
    Feature record: CXX_FEATURE:0cxx_attribute_deprecated
    Feature record: CXX_FEATURE:1cxx_auto_type
    Feature record: CXX_FEATURE:0cxx_binary_literals
    Feature record: CXX_FEATURE:1cxx_constexpr
    Feature record: CXX_FEATURE:0cxx_contextual_conversions
    Feature record: CXX_FEATURE:1cxx_decltype
    Feature record: CXX_FEATURE:0cxx_decltype_auto
    Feature record: CXX_FEATURE:1cxx_decltype_incomplete_return_types
    Feature record: CXX_FEATURE:1cxx_default_function_template_args
    Feature record: CXX_FEATURE:1cxx_defaulted_functions
    Feature record: CXX_FEATURE:1cxx_defaulted_move_initializers
    Feature record: CXX_FEATURE:1cxx_delegating_constructors
    Feature record: CXX_FEATURE:1cxx_deleted_functions
    Feature record: CXX_FEATURE:0cxx_digit_separators
    Feature record: CXX_FEATURE:1cxx_enum_forward_declarations
    Feature record: CXX_FEATURE:1cxx_explicit_conversions
    Feature record: CXX_FEATURE:1cxx_extended_friend_declarations
    Feature record: CXX_FEATURE:1cxx_extern_templates
    Feature record: CXX_FEATURE:1cxx_final
    Feature record: CXX_FEATURE:1cxx_func_identifier
    Feature record: CXX_FEATURE:1cxx_generalized_initializers
    Feature record: CXX_FEATURE:0cxx_generic_lambdas
    Feature record: CXX_FEATURE:1cxx_inheriting_constructors
    Feature record: CXX_FEATURE:1cxx_inline_namespaces
    Feature record: CXX_FEATURE:1cxx_lambdas
    Feature record: CXX_FEATURE:0cxx_lambda_init_captures
    Feature record: CXX_FEATURE:1cxx_local_type_template_args
    Feature record: CXX_FEATURE:1cxx_long_long_type
    Feature record: CXX_FEATURE:1cxx_noexcept
    Feature record: CXX_FEATURE:1cxx_nonstatic_member_init
    Feature record: CXX_FEATURE:1cxx_nullptr
    Feature record: CXX_FEATURE:1cxx_override
    Feature record: CXX_FEATURE:1cxx_range_for
    Feature record: CXX_FEATURE:1cxx_raw_string_literals
    Feature record: CXX_FEATURE:1cxx_reference_qualified_functions
    Feature record: CXX_FEATURE:0cxx_relaxed_constexpr
    Feature record: CXX_FEATURE:0cxx_return_type_deduction
    Feature record: CXX_FEATURE:1cxx_right_angle_brackets
    Feature record: CXX_FEATURE:1cxx_rvalue_references
    Feature record: CXX_FEATURE:1cxx_sizeof_member
    Feature record: CXX_FEATURE:1cxx_static_assert
    Feature record: CXX_FEATURE:1cxx_strong_enums
    Feature record: CXX_FEATURE:1cxx_template_template_parameters
    Feature record: CXX_FEATURE:1cxx_thread_local
    Feature record: CXX_FEATURE:1cxx_trailing_return_types
    Feature record: CXX_FEATURE:1cxx_unicode_literals
    Feature record: CXX_FEATURE:1cxx_uniform_initialization
    Feature record: CXX_FEATURE:1cxx_unrestricted_unions
    Feature record: CXX_FEATURE:1cxx_user_literals
    Feature record: CXX_FEATURE:0cxx_variable_templates
    Feature record: CXX_FEATURE:1cxx_variadic_macros
    Feature record: CXX_FEATURE:1cxx_variadic_templates


Detecting CXX [-std=c++98] compiler features compiled with the following output:
Change Dir: /gpfs/home/dbasu/llvm-Tracevar-pass/build/CMakeFiles/CMakeTmp

Run Build Command:"/usr/bin/gmake" "cmTC_2b515/fast"
/usr/bin/gmake -f CMakeFiles/cmTC_2b515.dir/build.make CMakeFiles/cmTC_2b515.dir/build
gmake[1]: Entering directory `/gpfs/home/dbasu/llvm-Tracevar-pass/build/CMakeFiles/CMakeTmp'
Building CXX object CMakeFiles/cmTC_2b515.dir/feature_tests.cxx.o
/gpfs/software/Anaconda3/bin/clang++     -std=c++98 -o CMakeFiles/cmTC_2b515.dir/feature_tests.cxx.o -c /gpfs/home/dbasu/llvm-Tracevar-pass/build/CMakeFiles/feature_tests.cxx
Linking CXX executable cmTC_2b515
/gpfs/software/cmake-3.5.1/bin/cmake -E cmake_link_script CMakeFiles/cmTC_2b515.dir/link.txt --verbose=1
/gpfs/software/Anaconda3/bin/clang++        CMakeFiles/cmTC_2b515.dir/feature_tests.cxx.o  -o cmTC_2b515 -rdynamic 
gmake[1]: Leaving directory `/gpfs/home/dbasu/llvm-Tracevar-pass/build/CMakeFiles/CMakeTmp'


    Feature record: CXX_FEATURE:0cxx_aggregate_default_initializers
    Feature record: CXX_FEATURE:0cxx_alias_templates
    Feature record: CXX_FEATURE:0cxx_alignas
    Feature record: CXX_FEATURE:0cxx_alignof
    Feature record: CXX_FEATURE:0cxx_attributes
    Feature record: CXX_FEATURE:0cxx_attribute_deprecated
    Feature record: CXX_FEATURE:0cxx_auto_type
    Feature record: CXX_FEATURE:0cxx_binary_literals
    Feature record: CXX_FEATURE:0cxx_constexpr
    Feature record: CXX_FEATURE:0cxx_contextual_conversions
    Feature record: CXX_FEATURE:0cxx_decltype
    Feature record: CXX_FEATURE:0cxx_decltype_auto
    Feature record: CXX_FEATURE:0cxx_decltype_incomplete_return_types
    Feature record: CXX_FEATURE:0cxx_default_function_template_args
    Feature record: CXX_FEATURE:0cxx_defaulted_functions
    Feature record: CXX_FEATURE:0cxx_defaulted_move_initializers
    Feature record: CXX_FEATURE:0cxx_delegating_constructors
    Feature record: CXX_FEATURE:0cxx_deleted_functions
    Feature record: CXX_FEATURE:0cxx_digit_separators
    Feature record: CXX_FEATURE:0cxx_enum_forward_declarations
    Feature record: CXX_FEATURE:0cxx_explicit_conversions
    Feature record: CXX_FEATURE:0cxx_extended_friend_declarations
    Feature record: CXX_FEATURE:0cxx_extern_templates
    Feature record: CXX_FEATURE:0cxx_final
    Feature record: CXX_FEATURE:0cxx_func_identifier
    Feature record: CXX_FEATURE:0cxx_generalized_initializers
    Feature record: CXX_FEATURE:0cxx_generic_lambdas
    Feature record: CXX_FEATURE:0cxx_inheriting_constructors
    Feature record: CXX_FEATURE:0cxx_inline_namespaces
    Feature record: CXX_FEATURE:0cxx_lambdas
    Feature record: CXX_FEATURE:0cxx_lambda_init_captures
    Feature record: CXX_FEATURE:0cxx_local_type_template_args
    Feature record: CXX_FEATURE:0cxx_long_long_type
    Feature record: CXX_FEATURE:0cxx_noexcept
    Feature record: CXX_FEATURE:0cxx_nonstatic_member_init
    Feature record: CXX_FEATURE:0cxx_nullptr
    Feature record: CXX_FEATURE:0cxx_override
    Feature record: CXX_FEATURE:0cxx_range_for
    Feature record: CXX_FEATURE:0cxx_raw_string_literals
    Feature record: CXX_FEATURE:0cxx_reference_qualified_functions
    Feature record: CXX_FEATURE:0cxx_relaxed_constexpr
    Feature record: CXX_FEATURE:0cxx_return_type_deduction
    Feature record: CXX_FEATURE:0cxx_right_angle_brackets
    Feature record: CXX_FEATURE:0cxx_rvalue_references
    Feature record: CXX_FEATURE:0cxx_sizeof_member
    Feature record: CXX_FEATURE:0cxx_static_assert
    Feature record: CXX_FEATURE:0cxx_strong_enums
    Feature record: CXX_FEATURE:1cxx_template_template_parameters
    Feature record: CXX_FEATURE:0cxx_thread_local
    Feature record: CXX_FEATURE:0cxx_trailing_return_types
    Feature record: CXX_FEATURE:0cxx_unicode_literals
    Feature record: CXX_FEATURE:0cxx_uniform_initialization
    Feature record: CXX_FEATURE:0cxx_unrestricted_unions
    Feature record: CXX_FEATURE:0cxx_user_literals
    Feature record: CXX_FEATURE:0cxx_variable_templates
    Feature record: CXX_FEATURE:0cxx_variadic_macros
    Feature record: CXX_FEATURE:0cxx_variadic_templates
